2025-08-07T11:54:27.121+05:30  INFO 16252 --- [spring-deployment] [main] l.i.g.s.SpringDeploymentApplication      : Starting SpringDeploymentApplication using Java 17.0.10 with PID 16252 (F:\other\spring-deployment\target\classes started by PCplusss in F:\other\spring-deployment)
2025-08-07T11:54:27.123+05:30  INFO 16252 --- [spring-deployment] [main] l.i.g.s.SpringDeploymentApplication      : No active profile set, falling back to 1 default profile: "default"
2025-08-07T11:54:27.915+05:30  INFO 16252 --- [spring-deployment] [main] .s.d.r.c.RepositoryConfigurationDelegate : Bootstrapping Spring Data JPA repositories in DEFAULT mode.
2025-08-07T11:54:27.981+05:30  INFO 16252 --- [spring-deployment] [main] .s.d.r.c.RepositoryConfigurationDelegate : Finished Spring Data repository scanning in 58 ms. Found 2 JPA repository interfaces.
2025-08-07T11:54:28.331+05:30  INFO 16252 --- [spring-deployment] [main] o.s.b.w.embedded.tomcat.TomcatWebServer  : Tomcat initialized with port 8080 (http)
2025-08-07T11:54:28.339+05:30  INFO 16252 --- [spring-deployment] [main] o.apache.catalina.core.StandardService   : Starting service [Tomcat]
2025-08-07T11:54:28.340+05:30  INFO 16252 --- [spring-deployment] [main] o.apache.catalina.core.StandardEngine    : Starting Servlet engine: [Apache Tomcat/10.1.43]
2025-08-07T11:54:28.382+05:30  INFO 16252 --- [spring-deployment] [main] o.a.c.c.C.[Tomcat].[localhost].[/]       : Initializing Spring embedded WebApplicationContext
2025-08-07T11:54:28.383+05:30  INFO 16252 --- [spring-deployment] [main] w.s.c.ServletWebServerApplicationContext : Root WebApplicationContext: initialization completed in 1211 ms
2025-08-07T11:54:28.494+05:30  INFO 16252 --- [spring-deployment] [main] o.hibernate.jpa.internal.util.LogHelper  : HHH000204: Processing PersistenceUnitInfo [name: default]
2025-08-07T11:54:28.544+05:30  INFO 16252 --- [spring-deployment] [main] org.hibernate.Version                    : HHH000412: Hibernate ORM core version 6.6.22.Final
2025-08-07T11:54:28.613+05:30  INFO 16252 --- [spring-deployment] [main] o.h.c.internal.RegionFactoryInitiator    : HHH000026: Second-level cache disabled
2025-08-07T11:54:28.819+05:30  INFO 16252 --- [spring-deployment] [main] o.s.o.j.p.SpringPersistenceUnitInfo      : No LoadTimeWeaver setup: ignoring JPA class transformer
2025-08-07T11:54:28.839+05:30  INFO 16252 --- [spring-deployment] [main] com.zaxxer.hikari.HikariDataSource       : HikariPool-1 - Starting...
2025-08-07T11:54:29.074+05:30  INFO 16252 --- [spring-deployment] [main] com.zaxxer.hikari.pool.HikariPool        : HikariPool-1 - Added connection com.mysql.cj.jdbc.ConnectionImpl@4a944af9
2025-08-07T11:54:29.075+05:30  INFO 16252 --- [spring-deployment] [main] com.zaxxer.hikari.HikariDataSource       : HikariPool-1 - Start completed.
2025-08-07T11:54:29.113+05:30  WARN 16252 --- [spring-deployment] [main] org.hibernate.orm.deprecation            : HHH90000025: MySQLDialect does not need to be specified explicitly using 'hibernate.dialect' (remove the property setting and it will be selected by default)
2025-08-07T11:54:29.126+05:30  INFO 16252 --- [spring-deployment] [main] org.hibernate.orm.connections.pooling    : HHH10001005: Database info:
	Database JDBC URL [Connecting through datasource 'HikariDataSource (HikariPool-1)']
	Database driver: undefined/unknown
	Database version: 8.0.36
	Autocommit mode: undefined/unknown
	Isolation level: undefined/unknown
	Minimum pool size: undefined/unknown
	Maximum pool size: undefined/unknown
2025-08-07T11:54:29.824+05:30  INFO 16252 --- [spring-deployment] [main] o.h.e.t.j.p.i.JtaPlatformInitiator       : HHH000489: No JTA platform available (set 'hibernate.transaction.jta.platform' to enable JTA platform integration)
2025-08-07T11:54:29.870+05:30  INFO 16252 --- [spring-deployment] [main] j.LocalContainerEntityManagerFactoryBean : Initialized JPA EntityManagerFactory for persistence unit 'default'
2025-08-07T11:54:30.037+05:30  INFO 16252 --- [spring-deployment] [main] o.s.d.j.r.query.QueryEnhancerFactory     : Hibernate is in classpath; If applicable, HQL parser will be used.
2025-08-07T11:54:30.190+05:30  WARN 16252 --- [spring-deployment] [main] JpaBaseConfiguration$JpaWebConfiguration : spring.jpa.open-in-view is enabled by default. Therefore, database queries may be performed during view rendering. Explicitly configure spring.jpa.open-in-view to disable this warning
2025-08-07T11:54:30.561+05:30  INFO 16252 --- [spring-deployment] [main] o.s.b.w.embedded.tomcat.TomcatWebServer  : Tomcat started on port 8080 (http) with context path '/'
2025-08-07T11:54:30.569+05:30  INFO 16252 --- [spring-deployment] [main] l.i.g.s.SpringDeploymentApplication      : Started SpringDeploymentApplication in 3.875 seconds (process running for 4.524)
